In file included from ../src/bufferutil.cc:15:
/home/maku/BS/node_modules/engine.io-client/node_modules/nan/nan.h: In function ‘uint32_t NanUInt32OptionValue(v8::Local<v8::Object>, v8::Handle<v8::String>, uint32_t)’:
/home/maku/BS/node_modules/engine.io-client/node_modules/nan/nan.h:134:43: warning: ‘uint32_t v8::Value::Uint32Value() const’ is deprecated: Use maybe version [-Wdeprecated-declarations]
  134 |       ? optionsObj->Get(opt)->Uint32Value()
      |                                           ^
In file included from /usr/include/nodejs/deps/v8/include/v8.h:26,
                 from ../src/bufferutil.cc:7:
/usr/include/nodejs/deps/v8/include/v8.h:2477:47: note: declared here
 2477 |   V8_DEPRECATED("Use maybe version", uint32_t Uint32Value() const);
      |                                               ^~~~~~~~~~~
/usr/include/nodejs/deps/v8/include/v8config.h:324:3: note: in definition of macro ‘V8_DEPRECATED’
  324 |   declarator __attribute__((deprecated(message)))
      |   ^~~~~~~~~~
In file included from ../src/bufferutil.cc:15:
/home/maku/BS/node_modules/engine.io-client/node_modules/nan/nan.h: In function ‘void NanThrowError(const char*)’:
/home/maku/BS/node_modules/engine.io-client/node_modules/nan/nan.h:209:11: error: ‘ThrowException’ is not a member of ‘v8’; did you mean ‘Exception’?
  209 |       v8::ThrowException(fun(v8::String::New(errmsg)));                        \
      |           ^~~~~~~~~~~~~~
/home/maku/BS/node_modules/engine.io-client/node_modules/nan/nan.h:213:5: note: in expansion of macro ‘_NAN_THROW_ERROR’
  213 |     _NAN_THROW_ERROR(v8::Exception::Error, errmsg);
      |     ^~~~~~~~~~~~~~~~
/home/maku/BS/node_modules/engine.io-client/node_modules/nan/nan.h:209:42: error: ‘New’ is not a member of ‘v8::String’
  209 |       v8::ThrowException(fun(v8::String::New(errmsg)));                        \
      |                                          ^~~
/home/maku/BS/node_modules/engine.io-client/node_modules/nan/nan.h:213:5: note: in expansion of macro ‘_NAN_THROW_ERROR’
  213 |     _NAN_THROW_ERROR(v8::Exception::Error, errmsg);
      |     ^~~~~~~~~~~~~~~~
/home/maku/BS/node_modules/engine.io-client/node_modules/nan/nan.h: In function ‘void NanThrowError(v8::Handle<v8::Value>)’:
/home/maku/BS/node_modules/engine.io-client/node_modules/nan/nan.h:218:9: error: ‘ThrowException’ is not a member of ‘v8’; did you mean ‘Exception’?
  218 |     v8::ThrowException(error);
      |         ^~~~~~~~~~~~~~
      |         Exception
/home/maku/BS/node_modules/engine.io-client/node_modules/nan/nan.h: In function ‘void NanThrowError(const char*, int)’:
/home/maku/BS/node_modules/engine.io-client/node_modules/nan/nan.h:222:65: error: ‘New’ is not a member of ‘v8::String’
  222 |     v8::Local<v8::Value> err = v8::Exception::Error(v8::String::New(msg));
      |                                                                 ^~~
/home/maku/BS/node_modules/engine.io-client/node_modules/nan/nan.h:224:26: error: ‘New’ is not a member of ‘v8::String’
  224 |     obj->Set(v8::String::New("code"), v8::Int32::New(errorNumber));
      |                          ^~~
/home/maku/BS/node_modules/engine.io-client/node_modules/nan/nan.h:224:65: error: no matching function for call to ‘v8::Int32::New(const int&)’
  224 |     obj->Set(v8::String::New("code"), v8::Int32::New(errorNumber));
      |                                                                 ^
In file included from ../src/bufferutil.cc:7:
/usr/include/nodejs/deps/v8/include/v8.h:3048:25: note: candidate: ‘static v8::Local<v8::Integer> v8::Integer::New(v8::Isolate*, int32_t)’
 3048 |   static Local<Integer> New(Isolate* isolate, int32_t value);
      |                         ^~~
/usr/include/nodejs/deps/v8/include/v8.h:3048:25: note:   candidate expects 2 arguments, 1 provided
In file included from ../src/bufferutil.cc:15:
/home/maku/BS/node_modules/engine.io-client/node_modules/nan/nan.h: In function ‘void NanThrowTypeError(const char*)’:
/home/maku/BS/node_modules/engine.io-client/node_modules/nan/nan.h:209:11: error: ‘ThrowException’ is not a member of ‘v8’; did you mean ‘Exception’?
  209 |       v8::ThrowException(fun(v8::String::New(errmsg)));                        \
      |           ^~~~~~~~~~~~~~
/home/maku/BS/node_modules/engine.io-client/node_modules/nan/nan.h:229:5: note: in expansion of macro ‘_NAN_THROW_ERROR’
  229 |     _NAN_THROW_ERROR(v8::Exception::TypeError, errmsg);
      |     ^~~~~~~~~~~~~~~~
/home/maku/BS/node_modules/engine.io-client/node_modules/nan/nan.h:209:42: error: ‘New’ is not a member of ‘v8::String’
  209 |       v8::ThrowException(fun(v8::String::New(errmsg)));                        \
      |                                          ^~~
/home/maku/BS/node_modules/engine.io-client/node_modules/nan/nan.h:229:5: note: in expansion of macro ‘_NAN_THROW_ERROR’
  229 |     _NAN_THROW_ERROR(v8::Exception::TypeError, errmsg);
      |     ^~~~~~~~~~~~~~~~
/home/maku/BS/node_modules/engine.io-client/node_modules/nan/nan.h: In function ‘void NanThrowRangeError(const char*)’:
/home/maku/BS/node_modules/engine.io-client/node_modules/nan/nan.h:209:11: error: ‘ThrowException’ is not a member of ‘v8’; did you mean ‘Exception’?
  209 |       v8::ThrowException(fun(v8::String::New(errmsg)));                        \
      |           ^~~~~~~~~~~~~~
/home/maku/BS/node_modules/engine.io-client/node_modules/nan/nan.h:233:5: note: in expansion of macro ‘_NAN_THROW_ERROR’
  233 |     _NAN_THROW_ERROR(v8::Exception::RangeError, errmsg);
      |     ^~~~~~~~~~~~~~~~
/home/maku/BS/node_modules/engine.io-client/node_modules/nan/nan.h:209:42: error: ‘New’ is not a member of ‘v8::String’
  209 |       v8::ThrowException(fun(v8::String::New(errmsg)));                        \
      |                                          ^~~
/home/maku/BS/node_modules/engine.io-client/node_modules/nan/nan.h:233:5: note: in expansion of macro ‘_NAN_THROW_ERROR’
  233 |     _NAN_THROW_ERROR(v8::Exception::RangeError, errmsg);
      |     ^~~~~~~~~~~~~~~~
/home/maku/BS/node_modules/engine.io-client/node_modules/nan/nan.h: At global scope:
/home/maku/BS/node_modules/engine.io-client/node_modules/nan/nan.h:244:13: error: ‘node::smalloc’ has not been declared
  244 |       node::smalloc::FreeCallback callback,
      |             ^~~~~~~
/home/maku/BS/node_modules/engine.io-client/node_modules/nan/nan.h:244:35: error: expected ‘,’ or ‘...’ before ‘callback’
  244 |       node::smalloc::FreeCallback callback,
      |                                   ^~~~~~~~
/home/maku/BS/node_modules/engine.io-client/node_modules/nan/nan.h: In function ‘v8::Local<v8::Object> NanNewBufferHandle(char*, size_t, int)’:
/home/maku/BS/node_modules/engine.io-client/node_modules/nan/nan.h:246:44: error: ‘callback’ was not declared in this scope; did you mean ‘calloc’?
  246 |     return node::Buffer::New(data, length, callback, hint);
      |                                            ^~~~~~~~
      |                                            calloc
/home/maku/BS/node_modules/engine.io-client/node_modules/nan/nan.h:246:54: error: ‘hint’ was not declared in this scope; did you mean ‘uint’?
  246 |     return node::Buffer::New(data, length, callback, hint);
      |                                                      ^~~~
      |                                                      uint
/home/maku/BS/node_modules/engine.io-client/node_modules/nan/nan.h: In function ‘v8::Local<v8::Object> NanNewBufferHandle(char*, uint32_t)’:
/home/maku/BS/node_modules/engine.io-client/node_modules/nan/nan.h:251:40: error: no matching function for call to ‘New(char*&, uint32_t&)’
  251 |     return node::Buffer::New(data, size);
      |                                        ^
In file included from ../src/bufferutil.cc:9:
/usr/include/nodejs/src/node_buffer.h:53:40: note: candidate: ‘v8::MaybeLocal<v8::Object> node::Buffer::New(v8::Isolate*, size_t)’
   53 | NODE_EXTERN v8::MaybeLocal<v8::Object> New(v8::Isolate* isolate, size_t length);
      |                                        ^~~
/usr/include/nodejs/src/node_buffer.h:53:57: note:   no known conversion for argument 1 from ‘char*’ to ‘v8::Isolate*’
   53 | NODE_EXTERN v8::MaybeLocal<v8::Object> New(v8::Isolate* isolate, size_t length);
      |                                            ~~~~~~~~~~~~~^~~~~~~
/usr/include/nodejs/src/node_buffer.h:56:40: note: candidate: ‘v8::MaybeLocal<v8::Object> node::Buffer::New(v8::Isolate*, v8::Local<v8::String>, node::encoding)’
   56 | NODE_EXTERN v8::MaybeLocal<v8::Object> New(v8::Isolate* isolate,
      |                                        ^~~
/usr/include/nodejs/src/node_buffer.h:56:57: note:   no known conversion for argument 1 from ‘char*’ to ‘v8::Isolate*’
   56 | NODE_EXTERN v8::MaybeLocal<v8::Object> New(v8::Isolate* isolate,
      |                                            ~~~~~~~~~~~~~^~~~~~~
/usr/include/nodejs/src/node_buffer.h:61:40: note: candidate: ‘v8::MaybeLocal<v8::Object> node::Buffer::New(v8::Isolate*, char*, size_t, node::Buffer::FreeCallback, void*)’
   61 | NODE_EXTERN v8::MaybeLocal<v8::Object> New(v8::Isolate* isolate,
      |                                        ^~~
/usr/include/nodejs/src/node_buffer.h:61:40: note:   candidate expects 5 arguments, 2 provided
/usr/include/nodejs/src/node_buffer.h:68:40: note: candidate: ‘v8::MaybeLocal<v8::Object> node::Buffer::New(v8::Isolate*, char*, size_t)’
   68 | NODE_EXTERN v8::MaybeLocal<v8::Object> New(v8::Isolate* isolate,
      |                                        ^~~
/usr/include/nodejs/src/node_buffer.h:68:40: note:   candidate expects 3 arguments, 2 provided
In file included from ../src/bufferutil.cc:15:
/home/maku/BS/node_modules/engine.io-client/node_modules/nan/nan.h: In function ‘v8::Local<v8::Object> NanNewBufferHandle(uint32_t)’:
/home/maku/BS/node_modules/engine.io-client/node_modules/nan/nan.h:255:34: error: no matching function for call to ‘New(uint32_t&)’
  255 |     return node::Buffer::New(size);
      |                                  ^
In file included from ../src/bufferutil.cc:9:
/usr/include/nodejs/src/node_buffer.h:53:40: note: candidate: ‘v8::MaybeLocal<v8::Object> node::Buffer::New(v8::Isolate*, size_t)’
   53 | NODE_EXTERN v8::MaybeLocal<v8::Object> New(v8::Isolate* isolate, size_t length);
      |                                        ^~~
/usr/include/nodejs/src/node_buffer.h:53:40: note:   candidate expects 2 arguments, 1 provided
/usr/include/nodejs/src/node_buffer.h:56:40: note: candidate: ‘v8::MaybeLocal<v8::Object> node::Buffer::New(v8::Isolate*, v8::Local<v8::String>, node::encoding)’
   56 | NODE_EXTERN v8::MaybeLocal<v8::Object> New(v8::Isolate* isolate,
      |                                        ^~~
/usr/include/nodejs/src/node_buffer.h:56:40: note:   candidate expects 3 arguments, 1 provided
/usr/include/nodejs/src/node_buffer.h:61:40: note: candidate: ‘v8::MaybeLocal<v8::Object> node::Buffer::New(v8::Isolate*, char*, size_t, node::Buffer::FreeCallback, void*)’
   61 | NODE_EXTERN v8::MaybeLocal<v8::Object> New(v8::Isolate* isolate,
      |                                        ^~~
/usr/include/nodejs/src/node_buffer.h:61:40: note:   candidate expects 5 arguments, 1 provided
/usr/include/nodejs/src/node_buffer.h:68:40: note: candidate: ‘v8::MaybeLocal<v8::Object> node::Buffer::New(v8::Isolate*, char*, size_t)’
   68 | NODE_EXTERN v8::MaybeLocal<v8::Object> New(v8::Isolate* isolate,
      |                                        ^~~
/usr/include/nodejs/src/node_buffer.h:68:40: note:   candidate expects 3 arguments, 1 provided
In file included from ../src/bufferutil.cc:15:
/home/maku/BS/node_modules/engine.io-client/node_modules/nan/nan.h: In function ‘v8::Local<v8::Object> NanBufferUse(char*, uint32_t)’:
/home/maku/BS/node_modules/engine.io-client/node_modules/nan/nan.h:259:26: error: ‘Use’ is not a member of ‘node::Buffer’
  259 |     return node::Buffer::Use(data, size);
      |                          ^~~
/home/maku/BS/node_modules/engine.io-client/node_modules/nan/nan.h: In constructor ‘NanCallback::NanCallback(const v8::Local<v8::Function>&)’:
/home/maku/BS/node_modules/engine.io-client/node_modules/nan/nan.h:450:49: error: no matching function for call to ‘v8::Object::New()’
  450 |     v8::Local<v8::Object> obj = v8::Object::New();
      |                                                 ^
In file included from ../src/bufferutil.cc:7:
/usr/include/nodejs/deps/v8/include/v8.h:3651:24: note: candidate: ‘static v8::Local<v8::Object> v8::Object::New(v8::Isolate*)’
 3651 |   static Local<Object> New(Isolate* isolate);
      |                        ^~~
/usr/include/nodejs/deps/v8/include/v8.h:3651:24: note:   candidate expects 1 argument, 0 provided
In file included from ../src/bufferutil.cc:15:
/home/maku/BS/node_modules/engine.io-client/node_modules/nan/nan.h:103:38: error: ‘NewSymbol’ is not a member of ‘v8::String’
  103 | #define NanSymbol(value) v8::String::NewSymbol(value)
      |                                      ^~~~~~~~~
/home/maku/BS/node_modules/engine.io-client/node_modules/nan/nan.h:451:14: note: in expansion of macro ‘NanSymbol’
  451 |     obj->Set(NanSymbol("callback"), fn);
      |              ^~~~~~~~~
/home/maku/BS/node_modules/engine.io-client/node_modules/nan/nan.h: In destructor ‘NanCallback::~NanCallback()’:
/home/maku/BS/node_modules/engine.io-client/node_modules/nan/nan.h:457:12: error: ‘class v8::Persistent<v8::Object>’ has no member named ‘Dispose’
  457 |     handle.Dispose();
      |            ^~~~~~~
/home/maku/BS/node_modules/engine.io-client/node_modules/nan/nan.h:458:12: error: ‘class v8::Persistent<v8::Object>’ has no member named ‘Clear’
  458 |     handle.Clear();
      |            ^~~~~
/home/maku/BS/node_modules/engine.io-client/node_modules/nan/nan.h: In member function ‘v8::Local<v8::Function> NanCallback::GetFunction()’:
/home/maku/BS/node_modules/engine.io-client/node_modules/nan/nan.h:103:38: error: ‘NewSymbol’ is not a member of ‘v8::String’
  103 | #define NanSymbol(value) v8::String::NewSymbol(value)
      |                                      ^~~~~~~~~
/home/maku/BS/node_modules/engine.io-client/node_modules/nan/nan.h:462:46: note: in expansion of macro ‘NanSymbol’
  462 |     return NanPersistentToLocal(handle)->Get(NanSymbol("callback"))
      |                                              ^~~~~~~~~
/home/maku/BS/node_modules/engine.io-client/node_modules/nan/nan.h:463:25: error: expected primary-expression before ‘>’ token
  463 |         .As<v8::Function>();
      |                         ^
/home/maku/BS/node_modules/engine.io-client/node_modules/nan/nan.h:463:27: error: expected primary-expression before ‘)’ token
  463 |         .As<v8::Function>();
      |                           ^
/home/maku/BS/node_modules/engine.io-client/node_modules/nan/nan.h: In member function ‘void NanCallback::Call(int, v8::Local<v8::Value>*)’:
/home/maku/BS/node_modules/engine.io-client/node_modules/nan/nan.h:103:38: error: ‘NewSymbol’ is not a member of ‘v8::String’
  103 | #define NanSymbol(value) v8::String::NewSymbol(value)
      |                                      ^~~~~~~~~
/home/maku/BS/node_modules/engine.io-client/node_modules/nan/nan.h:475:12: note: in expansion of macro ‘NanSymbol’
  475 |        Get(NanSymbol("callback")).As<v8::Function>();
      |            ^~~~~~~~~
/home/maku/BS/node_modules/engine.io-client/node_modules/nan/nan.h:475:50: error: expected primary-expression before ‘>’ token
  475 |        Get(NanSymbol("callback")).As<v8::Function>();
      |                                                  ^
/home/maku/BS/node_modules/engine.io-client/node_modules/nan/nan.h:475:52: error: expected primary-expression before ‘)’ token
  475 |        Get(NanSymbol("callback")).As<v8::Function>();
      |                                                    ^
/home/maku/BS/node_modules/engine.io-client/node_modules/nan/nan.h:476:18: error: no matching function for call to ‘v8::TryCatch::TryCatch()’
  476 |     v8::TryCatch try_catch;
      |                  ^~~~~~~~~
In file included from ../src/bufferutil.cc:7:
/usr/include/nodejs/deps/v8/include/v8.h:8536:12: note: candidate: ‘v8::TryCatch::TryCatch(v8::Isolate*)’
 8536 |   explicit TryCatch(Isolate* isolate);
      |            ^~~~~~~~
/usr/include/nodejs/deps/v8/include/v8.h:8536:12: note:   candidate expects 1 argument, 0 provided
In file included from ../src/bufferutil.cc:15:
/home/maku/BS/node_modules/engine.io-client/node_modules/nan/nan.h:477:33: error: ‘GetCurrent’ is not a member of ‘v8::Context’
  477 |     callback->Call(v8::Context::GetCurrent()->Global(), argc, argv);
      |                                 ^~~~~~~~~~
/home/maku/BS/node_modules/engine.io-client/node_modules/nan/nan.h:479:37: warning: ‘void node::FatalException(const v8::TryCatch&)’ is deprecated: Use FatalException(isolate, ...) [-Wdeprecated-declarations]
  479 |       node::FatalException(try_catch);
      |                                     ^
In file included from ../src/bufferutil.cc:8:
/usr/include/nodejs/src/node.h:437:29: note: declared here
  437 |                 inline void FatalException(const v8::TryCatch& try_catch) {
      |                             ^~~~~~~~~~~~~~
/usr/include/nodejs/src/node.h:91:42: note: in definition of macro ‘NODE_DEPRECATED’
   91 |     __attribute__((deprecated(message))) declarator
      |                                          ^~~~~~~~~~
In file included from ../src/bufferutil.cc:15:
/home/maku/BS/node_modules/engine.io-client/node_modules/nan/nan.h:479:37: warning: ‘void node::FatalException(const v8::TryCatch&)’ is deprecated: Use FatalException(isolate, ...) [-Wdeprecated-declarations]
  479 |       node::FatalException(try_catch);
      |                                     ^
In file included from ../src/bufferutil.cc:8:
/usr/include/nodejs/src/node.h:437:29: note: declared here
  437 |                 inline void FatalException(const v8::TryCatch& try_catch) {
      |                             ^~~~~~~~~~~~~~
/usr/include/nodejs/src/node.h:91:42: note: in definition of macro ‘NODE_DEPRECATED’
   91 |     __attribute__((deprecated(message))) declarator
      |                                          ^~~~~~~~~~
In file included from ../src/bufferutil.cc:15:
/home/maku/BS/node_modules/engine.io-client/node_modules/nan/nan.h: At global scope:
/home/maku/BS/node_modules/engine.io-client/node_modules/nan/nan.h:518:3: error: ‘uv_work_t’ does not name a type
  518 |   uv_work_t request;
      |   ^~~~~~~~~
/home/maku/BS/node_modules/engine.io-client/node_modules/nan/nan.h: In constructor ‘NanAsyncWorker::NanAsyncWorker(NanCallback*)’:
/home/maku/BS/node_modules/engine.io-client/node_modules/nan/nan.h:490:5: error: ‘request’ was not declared in this scope
  490 |     request.data = this;
      |     ^~~~~~~
/home/maku/BS/node_modules/engine.io-client/node_modules/nan/nan.h: In member function ‘void NanAsyncWorker::SavePersistent(const char*, v8::Local<v8::Object>&)’:
/home/maku/BS/node_modules/engine.io-client/node_modules/nan/nan.h:103:38: error: ‘NewSymbol’ is not a member of ‘v8::String’
  103 | #define NanSymbol(value) v8::String::NewSymbol(value)
      |                                      ^~~~~~~~~
/home/maku/BS/node_modules/engine.io-client/node_modules/nan/nan.h:529:17: note: in expansion of macro ‘NanSymbol’
  529 |     handle->Set(NanSymbol(key), obj);
      |                 ^~~~~~~~~
/home/maku/BS/node_modules/engine.io-client/node_modules/nan/nan.h: In member function ‘v8::Local<v8::Object> NanAsyncWorker::GetFromPersistent(const char*)’:
/home/maku/BS/node_modules/engine.io-client/node_modules/nan/nan.h:103:38: error: ‘NewSymbol’ is not a member of ‘v8::String’
  103 | #define NanSymbol(value) v8::String::NewSymbol(value)
      |                                      ^~~~~~~~~
/home/maku/BS/node_modules/engine.io-client/node_modules/nan/nan.h:536:24: note: in expansion of macro ‘NanSymbol’
  536 |     return handle->Get(NanSymbol(key)).As<v8::Object>();
      |                        ^~~~~~~~~
/home/maku/BS/node_modules/engine.io-client/node_modules/nan/nan.h:536:53: error: expected primary-expression before ‘>’ token
  536 |     return handle->Get(NanSymbol(key)).As<v8::Object>();
      |                                                     ^
/home/maku/BS/node_modules/engine.io-client/node_modules/nan/nan.h:536:55: error: expected primary-expression before ‘)’ token
  536 |     return handle->Get(NanSymbol(key)).As<v8::Object>();
      |                                                       ^
/home/maku/BS/node_modules/engine.io-client/node_modules/nan/nan.h: In member function ‘virtual void NanAsyncWorker::HandleErrorCallback()’:
/home/maku/BS/node_modules/engine.io-client/node_modules/nan/nan.h:549:42: error: ‘New’ is not a member of ‘v8::String’
  549 |         v8::Exception::Error(v8::String::New(errmsg))
      |                                          ^~~
/home/maku/BS/node_modules/engine.io-client/node_modules/nan/nan.h: At global scope:
/home/maku/BS/node_modules/engine.io-client/node_modules/nan/nan.h:555:30: error: variable or field ‘NanAsyncExecute’ declared void
  555 | inline void NanAsyncExecute (uv_work_t* req) {
      |                              ^~~~~~~~~
/home/maku/BS/node_modules/engine.io-client/node_modules/nan/nan.h:555:30: error: ‘uv_work_t’ was not declared in this scope
/home/maku/BS/node_modules/engine.io-client/node_modules/nan/nan.h:555:41: error: ‘req’ was not declared in this scope
  555 | inline void NanAsyncExecute (uv_work_t* req) {
      |                                         ^~~
/home/maku/BS/node_modules/engine.io-client/node_modules/nan/nan.h:560:38: error: variable or field ‘NanAsyncExecuteComplete’ declared void
  560 | inline void NanAsyncExecuteComplete (uv_work_t* req) {
      |                                      ^~~~~~~~~
/home/maku/BS/node_modules/engine.io-client/node_modules/nan/nan.h:560:38: error: ‘uv_work_t’ was not declared in this scope
/home/maku/BS/node_modules/engine.io-client/node_modules/nan/nan.h:560:49: error: ‘req’ was not declared in this scope
  560 | inline void NanAsyncExecuteComplete (uv_work_t* req) {
      |                                                 ^~~
/home/maku/BS/node_modules/engine.io-client/node_modules/nan/nan.h: In function ‘void NanAsyncQueueWorker(NanAsyncWorker*)’:
/home/maku/BS/node_modules/engine.io-client/node_modules/nan/nan.h:568:7: error: ‘uv_default_loop’ was not declared in this scope
  568 |       uv_default_loop()
      |       ^~~~~~~~~~~~~~~
/home/maku/BS/node_modules/engine.io-client/node_modules/nan/nan.h:569:16: error: ‘class NanAsyncWorker’ has no member named ‘request’
  569 |     , &worker->request
      |                ^~~~~~~
/home/maku/BS/node_modules/engine.io-client/node_modules/nan/nan.h:570:7: error: ‘NanAsyncExecute’ was not declared in this scope
  570 |     , NanAsyncExecute
      |       ^~~~~~~~~~~~~~~
/home/maku/BS/node_modules/engine.io-client/node_modules/nan/nan.h:571:8: error: ‘uv_after_work_cb’ was not declared in this scope
  571 |     , (uv_after_work_cb)NanAsyncExecuteComplete
      |        ^~~~~~~~~~~~~~~~
/home/maku/BS/node_modules/engine.io-client/node_modules/nan/nan.h:567:3: error: ‘uv_queue_work’ was not declared in this scope
  567 |   uv_queue_work(
      |   ^~~~~~~~~~~~~
/home/maku/BS/node_modules/engine.io-client/node_modules/nan/nan.h: In function ‘bool _NanGetExternalParts(v8::Handle<v8::Value>, const char**, size_t*)’:
/home/maku/BS/node_modules/engine.io-client/node_modules/nan/nan.h:716:78: error: no matching function for call to ‘v8::Local<v8::String>::New(v8::Local<v8::String>)’
  716 |   v8::Local<v8::String> str = v8::Local<v8::String>::New(val.As<v8::String>());
      |                                                                              ^
In file included from ../src/bufferutil.cc:7:
/usr/include/nodejs/deps/v8/include/v8.h:301:29: note: candidate: ‘static v8::Local<T> v8::Local<T>::New(v8::Isolate*, v8::Local<T>) [with T = v8::String]’
  301 |   V8_INLINE static Local<T> New(Isolate* isolate, Local<T> that);
      |                             ^~~
/usr/include/nodejs/deps/v8/include/v8.h:301:29: note:   candidate expects 2 arguments, 1 provided
/usr/include/nodejs/deps/v8/include/v8.h:302:29: note: candidate: ‘static v8::Local<T> v8::Local<T>::New(v8::Isolate*, const v8::PersistentBase<T>&) [with T = v8::String]’
  302 |   V8_INLINE static Local<T> New(Isolate* isolate,
      |                             ^~~
/usr/include/nodejs/deps/v8/include/v8.h:302:29: note:   candidate expects 2 arguments, 1 provided
/usr/include/nodejs/deps/v8/include/v8.h:334:29: note: candidate: ‘static v8::Local<T> v8::Local<T>::New(v8::Isolate*, T*) [with T = v8::String]’
  334 |   V8_INLINE static Local<T> New(Isolate* isolate, T* that);
      |                             ^~~
/usr/include/nodejs/deps/v8/include/v8.h:334:29: note:   candidate expects 2 arguments, 1 provided
In file included from ../src/bufferutil.cc:15:
/home/maku/BS/node_modules/engine.io-client/node_modules/nan/nan.h:718:12: error: ‘class v8::String’ has no member named ‘IsExternalAscii’; did you mean ‘IsExternal’?
  718 |   if (str->IsExternalAscii()) {
      |            ^~~~~~~~~~~~~~~
      |            IsExternal
/home/maku/BS/node_modules/engine.io-client/node_modules/nan/nan.h:719:23: error: ‘ExternalAsciiStringResource’ in ‘class v8::String’ does not name a type
  719 |     const v8::String::ExternalAsciiStringResource* ext;
      |                       ^~~~~~~~~~~~~~~~~~~~~~~~~~~
/home/maku/BS/node_modules/engine.io-client/node_modules/nan/nan.h:720:5: error: ‘ext’ was not declared in this scope; did you mean ‘exit’?
  720 |     ext = str->GetExternalAsciiStringResource();
      |     ^~~
      |     exit
/home/maku/BS/node_modules/engine.io-client/node_modules/nan/nan.h:720:16: error: ‘class v8::String’ has no member named ‘GetExternalAsciiStringResource’; did you mean ‘GetExternalStringResource’?
  720 |     ext = str->GetExternalAsciiStringResource();
      |                ^~~~~~~~~~~~~~~~~~~~~~~~~~~~~~
      |                GetExternalStringResource
/home/maku/BS/node_modules/engine.io-client/node_modules/nan/nan.h: In function ‘char* NanFromV8String(v8::Handle<v8::Value>, Nan::Encoding, size_t*, char*, size_t, int)’:
/home/maku/BS/node_modules/engine.io-client/node_modules/nan/nan.h:769:15: error: ‘AsciiValue’ is not a member of ‘v8::String’
  769 |   v8::String::AsciiValue value(toStr);
      |               ^~~~~~~~~~
/home/maku/BS/node_modules/engine.io-client/node_modules/nan/nan.h:832:39: error: ‘value’ was not declared in this scope
  832 |       sz_ = _nan_base64_decoded_size(*value, toStr->Length());
      |                                       ^~~~~
../src/bufferutil.cc: In static member function ‘static void BufferUtil::Initialize(v8::Handle<v8::Object>)’:
../src/bufferutil.cc:27:58: error: cannot convert ‘void(const v8::FunctionCallbackInfo<v8::Value>&)’ to ‘v8::Isolate*’
   27 |     Local<FunctionTemplate> t = FunctionTemplate::New(New);
      |                                                          ^
In file included from ../src/bufferutil.cc:7:
/usr/include/nodejs/deps/v8/include/v8.h:5645:16: note:   initializing argument 1 of ‘static v8::Local<v8::FunctionTemplate> v8::FunctionTemplate::New(v8::Isolate*, v8::FunctionCallback, v8::Local<v8::Value>, v8::Local<v8::Signature>, int, v8::ConstructorBehavior, v8::SideEffectType)’
 5645 |       Isolate* isolate, FunctionCallback callback = 0,
      |       ~~~~~~~~~^~~~~~~
../src/bufferutil.cc:29:52: error: call of overloaded ‘NODE_SET_METHOD(v8::Local<v8::FunctionTemplate>&, const char [7], void (&)(const v8::FunctionCallbackInfo<v8::Value>&))’ is ambiguous
   29 |     NODE_SET_METHOD(t, "unmask", BufferUtil::Unmask);
      |                                                    ^
In file included from ../src/bufferutil.cc:8:
/usr/include/nodejs/src/node.h:372:13: note: candidate: ‘void node::NODE_SET_METHOD(v8::Local<v8::Template>, const char*, v8::FunctionCallback)’
  372 | inline void NODE_SET_METHOD(v8::Local<v8::Template> recv,
      |             ^~~~~~~~~~~~~~~
/usr/include/nodejs/src/node.h:386:13: note: candidate: ‘void node::NODE_SET_METHOD(v8::Local<v8::Object>, const char*, v8::FunctionCallback)’
  386 | inline void NODE_SET_METHOD(v8::Local<v8::Object> recv,
      |             ^~~~~~~~~~~~~~~
../src/bufferutil.cc:30:48: error: call of overloaded ‘NODE_SET_METHOD(v8::Local<v8::FunctionTemplate>&, const char [5], void (&)(const v8::FunctionCallbackInfo<v8::Value>&))’ is ambiguous
   30 |     NODE_SET_METHOD(t, "mask", BufferUtil::Mask);
      |                                                ^
In file included from ../src/bufferutil.cc:8:
/usr/include/nodejs/src/node.h:372:13: note: candidate: ‘void node::NODE_SET_METHOD(v8::Local<v8::Template>, const char*, v8::FunctionCallback)’
  372 | inline void NODE_SET_METHOD(v8::Local<v8::Template> recv,
      |             ^~~~~~~~~~~~~~~
/usr/include/nodejs/src/node.h:386:13: note: candidate: ‘void node::NODE_SET_METHOD(v8::Local<v8::Object>, const char*, v8::FunctionCallback)’
  386 | inline void NODE_SET_METHOD(v8::Local<v8::Object> recv,
      |             ^~~~~~~~~~~~~~~
../src/bufferutil.cc:31:50: error: call of overloaded ‘NODE_SET_METHOD(v8::Local<v8::FunctionTemplate>&, const char [6], void (&)(const v8::FunctionCallbackInfo<v8::Value>&))’ is ambiguous
   31 |     NODE_SET_METHOD(t, "merge", BufferUtil::Merge);
      |                                                  ^
In file included from ../src/bufferutil.cc:8:
/usr/include/nodejs/src/node.h:372:13: note: candidate: ‘void node::NODE_SET_METHOD(v8::Local<v8::Template>, const char*, v8::FunctionCallback)’
  372 | inline void NODE_SET_METHOD(v8::Local<v8::Template> recv,
      |             ^~~~~~~~~~~~~~~
/usr/include/nodejs/src/node.h:386:13: note: candidate: ‘void node::NODE_SET_METHOD(v8::Local<v8::Object>, const char*, v8::FunctionCallback)’
  386 | inline void NODE_SET_METHOD(v8::Local<v8::Object> recv,
      |             ^~~~~~~~~~~~~~~
../src/bufferutil.cc:32:25: error: ‘NewSymbol’ is not a member of ‘v8::String’
   32 |     target->Set(String::NewSymbol("BufferUtil"), t->GetFunction());
      |                         ^~~~~~~~~
../src/bufferutil.cc: In static member function ‘static void BufferUtil::Merge(const v8::FunctionCallbackInfo<v8::Value>&)’:
../src/bufferutil.cc:48:49: warning: ‘v8::Local<v8::Object> v8::Value::ToObject() const’ is deprecated: Use maybe version [-Wdeprecated-declarations]
   48 |     Local<Object> bufferObj = args[0]->ToObject();
      |                                                 ^
In file included from ../src/bufferutil.cc:7:
/usr/include/nodejs/deps/v8/include/v8.h:10046:15: note: declared here
10046 | Local<Object> Value::ToObject() const {
      |               ^~~~~
../src/bufferutil.cc:55:51: warning: ‘v8::Local<v8::Object> v8::Value::ToObject() const’ is deprecated: Use maybe version [-Wdeprecated-declarations]
   55 |       Local<Object> src = array->Get(i)->ToObject();
      |                                                   ^
In file included from ../src/bufferutil.cc:7:
/usr/include/nodejs/deps/v8/include/v8.h:10046:15: note: declared here
10046 | Local<Object> Value::ToObject() const {
      |               ^~~~~
In file included from ../src/bufferutil.cc:15:
../src/bufferutil.cc:60:25: error: too few arguments to function ‘v8::Local<v8::Boolean> v8::True(v8::Isolate*)’
   60 |     NanReturnValue(True());
      |                         ^
/home/maku/BS/node_modules/engine.io-client/node_modules/nan/nan.h:195:65: note: in definition of macro ‘NanReturnValue’
  195 | # define NanReturnValue(value) return args.GetReturnValue().Set(value)
      |                                                                 ^~~~~
In file included from ../src/bufferutil.cc:7:
/usr/include/nodejs/deps/v8/include/v8.h:10439:16: note: declared here
10439 | Local<Boolean> True(Isolate* isolate) {
      |                ^~~~
In file included from ../src/bufferutil.cc:15:
/home/maku/BS/node_modules/engine.io-client/node_modules/nan/nan.h:195:70: error: return-statement with a value, in function returning ‘void’ [-fpermissive]
  195 | # define NanReturnValue(value) return args.GetReturnValue().Set(value)
      |                                                                      ^
../src/bufferutil.cc:60:5: note: in expansion of macro ‘NanReturnValue’
   60 |     NanReturnValue(True());
      |     ^~~~~~~~~~~~~~
../src/bufferutil.cc: In static member function ‘static void BufferUtil::Unmask(const v8::FunctionCallbackInfo<v8::Value>&)’:
../src/bufferutil.cc:66:50: warning: ‘v8::Local<v8::Object> v8::Value::ToObject() const’ is deprecated: Use maybe version [-Wdeprecated-declarations]
   66 |     Local<Object> buffer_obj = args[0]->ToObject();
      |                                                  ^
In file included from ../src/bufferutil.cc:7:
/usr/include/nodejs/deps/v8/include/v8.h:10046:15: note: declared here
10046 | Local<Object> Value::ToObject() const {
      |               ^~~~~
../src/bufferutil.cc:68:48: warning: ‘v8::Local<v8::Object> v8::Value::ToObject() const’ is deprecated: Use maybe version [-Wdeprecated-declarations]
   68 |     Local<Object> mask_obj = args[1]->ToObject();
      |                                                ^
In file included from ../src/bufferutil.cc:7:
/usr/include/nodejs/deps/v8/include/v8.h:10046:15: note: declared here
10046 | Local<Object> Value::ToObject() const {
      |               ^~~~~
In file included from ../src/bufferutil.cc:15:
../src/bufferutil.cc:81:25: error: too few arguments to function ‘v8::Local<v8::Boolean> v8::True(v8::Isolate*)’
   81 |     NanReturnValue(True());
      |                         ^
/home/maku/BS/node_modules/engine.io-client/node_modules/nan/nan.h:195:65: note: in definition of macro ‘NanReturnValue’
  195 | # define NanReturnValue(value) return args.GetReturnValue().Set(value)
      |                                                                 ^~~~~
In file included from ../src/bufferutil.cc:7:
/usr/include/nodejs/deps/v8/include/v8.h:10439:16: note: declared here
10439 | Local<Boolean> True(Isolate* isolate) {
      |                ^~~~
In file included from ../src/bufferutil.cc:15:
/home/maku/BS/node_modules/engine.io-client/node_modules/nan/nan.h:195:70: error: return-statement with a value, in function returning ‘void’ [-fpermissive]
  195 | # define NanReturnValue(value) return args.GetReturnValue().Set(value)
      |                                                                      ^
../src/bufferutil.cc:81:5: note: in expansion of macro ‘NanReturnValue’
   81 |     NanReturnValue(True());
      |     ^~~~~~~~~~~~~~
../src/bufferutil.cc: In static member function ‘static void BufferUtil::Mask(const v8::FunctionCallbackInfo<v8::Value>&)’:
../src/bufferutil.cc:87:50: warning: ‘v8::Local<v8::Object> v8::Value::ToObject() const’ is deprecated: Use maybe version [-Wdeprecated-declarations]
   87 |     Local<Object> buffer_obj = args[0]->ToObject();
      |                                                  ^
In file included from ../src/bufferutil.cc:7:
/usr/include/nodejs/deps/v8/include/v8.h:10046:15: note: declared here
10046 | Local<Object> Value::ToObject() const {
      |               ^~~~~
../src/bufferutil.cc:88:48: warning: ‘v8::Local<v8::Object> v8::Value::ToObject() const’ is deprecated: Use maybe version [-Wdeprecated-declarations]
   88 |     Local<Object> mask_obj = args[1]->ToObject();
      |                                                ^
In file included from ../src/bufferutil.cc:7:
/usr/include/nodejs/deps/v8/include/v8.h:10046:15: note: declared here
10046 | Local<Object> Value::ToObject() const {
      |               ^~~~~
../src/bufferutil.cc:90:50: warning: ‘v8::Local<v8::Object> v8::Value::ToObject() const’ is deprecated: Use maybe version [-Wdeprecated-declarations]
   90 |     Local<Object> output_obj = args[2]->ToObject();
      |                                                  ^
In file included from ../src/bufferutil.cc:7:
/usr/include/nodejs/deps/v8/include/v8.h:10046:15: note: declared here
10046 | Local<Object> Value::ToObject() const {
      |               ^~~~~
../src/bufferutil.cc:91:51: warning: ‘int32_t v8::Value::Int32Value() const’ is deprecated: Use maybe version [-Wdeprecated-declarations]
   91 |     unsigned int dataOffset = args[3]->Int32Value();
      |                                                   ^
In file included from /usr/include/nodejs/deps/v8/include/v8.h:26,
                 from ../src/bufferutil.cc:7:
/usr/include/nodejs/deps/v8/include/v8.h:2478:46: note: declared here
 2478 |   V8_DEPRECATED("Use maybe version", int32_t Int32Value() const);
      |                                              ^~~~~~~~~~
/usr/include/nodejs/deps/v8/include/v8config.h:324:3: note: in definition of macro ‘V8_DEPRECATED’
  324 |   declarator __attribute__((deprecated(message)))
      |   ^~~~~~~~~~
../src/bufferutil.cc:92:47: warning: ‘int32_t v8::Value::Int32Value() const’ is deprecated: Use maybe version [-Wdeprecated-declarations]
   92 |     unsigned int length = args[4]->Int32Value();
      |                                               ^
In file included from /usr/include/nodejs/deps/v8/include/v8.h:26,
                 from ../src/bufferutil.cc:7:
/usr/include/nodejs/deps/v8/include/v8.h:2478:46: note: declared here
 2478 |   V8_DEPRECATED("Use maybe version", int32_t Int32Value() const);
      |                                              ^~~~~~~~~~
/usr/include/nodejs/deps/v8/include/v8config.h:324:3: note: in definition of macro ‘V8_DEPRECATED’
  324 |   declarator __attribute__((deprecated(message)))
      |   ^~~~~~~~~~
In file included from ../src/bufferutil.cc:15:
../src/bufferutil.cc:106:25: error: too few arguments to function ‘v8::Local<v8::Boolean> v8::True(v8::Isolate*)’
  106 |     NanReturnValue(True());
      |                         ^
/home/maku/BS/node_modules/engine.io-client/node_modules/nan/nan.h:195:65: note: in definition of macro ‘NanReturnValue’
  195 | # define NanReturnValue(value) return args.GetReturnValue().Set(value)
      |                                                                 ^~~~~
In file included from ../src/bufferutil.cc:7:
/usr/include/nodejs/deps/v8/include/v8.h:10439:16: note: declared here
10439 | Local<Boolean> True(Isolate* isolate) {
      |                ^~~~
In file included from ../src/bufferutil.cc:15:
/home/maku/BS/node_modules/engine.io-client/node_modules/nan/nan.h:195:70: error: return-statement with a value, in function returning ‘void’ [-fpermissive]
  195 | # define NanReturnValue(value) return args.GetReturnValue().Set(value)
      |                                                                      ^
../src/bufferutil.cc:106:5: note: in expansion of macro ‘NanReturnValue’
  106 |     NanReturnValue(True());
      |     ^~~~~~~~~~~~~~
In file included from ../src/bufferutil.cc:8:
../src/bufferutil.cc: At global scope:
/usr/include/nodejs/src/node.h:573:43: warning: cast between incompatible function types from ‘void (*)(v8::Handle<v8::Object>)’ {aka ‘void (*)(v8::Local<v8::Object>)’} to ‘node::addon_register_func’ {aka ‘void (*)(v8::Local<v8::Object>, v8::Local<v8::Value>, void*)’} [-Wcast-function-type]
  573 |       (node::addon_register_func) (regfunc),                          \
      |                                           ^
/usr/include/nodejs/src/node.h:607:3: note: in expansion of macro ‘NODE_MODULE_X’
  607 |   NODE_MODULE_X(modname, regfunc, NULL, 0)  // NOLINT (readability/null_usage)
      |   ^~~~~~~~~~~~~
../src/bufferutil.cc:116:1: note: in expansion of macro ‘NODE_MODULE’
  116 | NODE_MODULE(bufferutil, init)
      | ^~~~~~~~~~~
In file included from ../src/bufferutil.cc:7:
/usr/include/nodejs/deps/v8/include/v8.h: In instantiation of ‘void v8::PersistentBase<T>::SetWeak(P*, typename v8::WeakCallbackInfo<P>::Callback, v8::WeakCallbackType) [with P = node::ObjectWrap; T = v8::Object; typename v8::WeakCallbackInfo<P>::Callback = void (*)(const v8::WeakCallbackInfo<node::ObjectWrap>&)]’:
/usr/include/nodejs/src/node_object_wrap.h:84:78:   required from here
/usr/include/nodejs/deps/v8/include/v8.h:9502:16: warning: cast between incompatible function types from ‘v8::WeakCallbackInfo<node::ObjectWrap>::Callback’ {aka ‘void (*)(const v8::WeakCallbackInfo<node::ObjectWrap>&)’} to ‘Callback’ {aka ‘void (*)(const v8::WeakCallbackInfo<void>&)’} [-Wcast-function-type]
 9502 |                reinterpret_cast<Callback>(callback), type);
      |                ^~~~~~~~~~~~~~~~~~~~~~~~~~~~~~~~~~~~
In file included from ../src/bufferutil.cc:15:
/home/maku/BS/node_modules/engine.io-client/node_modules/nan/nan.h: In instantiation of ‘void NanDispose(v8::Persistent<T, v8::NonCopyablePersistentTraits<T> >&) [with T = v8::Object]’:
/home/maku/BS/node_modules/engine.io-client/node_modules/nan/nan.h:498:34:   required from here
/home/maku/BS/node_modules/engine.io-client/node_modules/nan/nan.h:237:12: error: ‘class v8::Persistent<v8::Object>’ has no member named ‘Dispose’
  237 |     handle.Dispose(nan_isolate);
      |     ~~~~~~~^~~~~~~
/home/maku/BS/node_modules/engine.io-client/node_modules/nan/nan.h:238:12: error: ‘class v8::Persistent<v8::Object>’ has no member named ‘Clear’
  238 |     handle.Clear();
      |     ~~~~~~~^~~~~
make: *** [bufferutil.target.mk:105: Release/obj.target/bufferutil/src/bufferutil.o] Error 1
gyp ERR! build error 
gyp ERR! stack Error: `make` failed with exit code: 2
gyp ERR! stack     at ChildProcess.onExit (/usr/share/nodejs/node-gyp/lib/build.js:194:23)
gyp ERR! stack     at ChildProcess.emit (events.js:198:13)
gyp ERR! stack     at Process.ChildProcess._handle.onexit (internal/child_process.js:248:12)
gyp ERR! System Linux 4.4.0-19041-Microsoft
gyp ERR! command "/usr/bin/node" "/usr/bin/node-gyp" "rebuild"
gyp ERR! cwd /home/maku/BS/node_modules/engine.io-client/node_modules/ws
gyp ERR! node -v v10.19.0
gyp ERR! node-gyp -v v6.1.0
gyp ERR! not ok 
